This is pdfTeX, Version 3.141592653-2.6-1.40.25 (TeX Live 2023) (preloaded format=pdflatex 2023.10.1)  1 OCT 2023 11:17
entering extended mode
 restricted \write18 enabled.
 %&-line parsing enabled.
**titlepage.tex
(./titlepage.tex
LaTeX2e <2023-06-01> patch level 1
L3 programming layer <2023-08-29>

! LaTeX Error: Environment titlepage undefined.

See the LaTeX manual or LaTeX Companion for explanation.
Type  H <return>  for immediate help.
 ...                                              
                                                  
l.1 \begin{titlepage}
                     
Your command was ignored.
Type  I <command> <return>  to replace it with another command,
or  <return>  to continue without it.

! Undefined control sequence.
l.2    \Large
             {
The control sequence at the end of the top line
of your error message was never \def'ed. If you have
misspelled it (e.g., `\hobx'), type `I' and the correct
spelling (e.g., `I\hbox'). Otherwise just continue,
and I'll forget about whatever was undefined.


! LaTeX Error: Missing \begin{document}.

See the LaTeX manual or LaTeX Companion for explanation.
Type  H <return>  for immediate help.
 ...                                              
                                                  
l.3    \begin{center}
                     
You're in trouble here.  Try typing  <return>  to proceed.
If that doesn't work, type  X <return>  to quit.


Overfull \hbox (20.0pt too wide) in paragraph at lines 3--3
[] 
 []


Overfull \hbox (39.24976pt too wide) in paragraph at lines 6--7
 \OT1/cmr/bx/n/10 Trabajo 
 []


Overfull \hbox (5.74997pt too wide) in paragraph at lines 6--7
 \OT1/cmr/bx/n/10 1 
 []

Missing character: There is no E in font nullfont!
Missing character: There is no s in font nullfont!
Missing character: There is no t in font nullfont!
Missing character: There is no u in font nullfont!
Missing character: There is no d in font nullfont!
Missing character: There is no i in font nullfont!
Missing character: There is no a in font nullfont!
Missing character: There is no n in font nullfont!
Missing character: There is no t in font nullfont!
Missing character: There is no e in font nullfont!
Missing character: There is no s in font nullfont!

Overfull \hbox (35.61784pt too wide) in paragraph at lines 15--15
 []\OT1/cmr/bx/n/10 Camilo 
 []


Overfull \hbox (18.91656pt too wide) in paragraph at lines 15--15
 \OT1/cmr/bx/n/10 An- 
 []


Overfull \hbox (20.93184pt too wide) in paragraph at lines 15--15
 \OT1/cmr/bx/n/10 dres 
 []


Overfull \hbox (43.3261pt too wide) in paragraph at lines 15--15
 \OT1/cmr/bx/n/10 Granada 
 []


Overfull \hbox (28.48595pt too wide) in paragraph at lines 15--15
 \OT1/cmr/bx/n/10 Mejia 
 []


Overfull \hbox (21.50127pt too wide) in paragraph at lines 17--17
 []\OT1/cmr/bx/n/10 Jose 
 []


Overfull \hbox (37.43034pt too wide) in paragraph at lines 17--17
 \OT1/cmr/bx/n/10 Manuel 
 []


Overfull \hbox (22.46515pt too wide) in paragraph at lines 17--17
 \OT1/cmr/bx/n/10 Car- 
 []


Overfull \hbox (27.31233pt too wide) in paragraph at lines 17--17
 \OT1/cmr/bx/n/10 mona 
 []


Overfull \hbox (38.86919pt too wide) in paragraph at lines 17--17
 \OT1/cmr/bx/n/10 Estrada 
 []


Overfull \hbox (24.47209pt too wide) in paragraph at lines 19--19
 []\OT1/cmr/bx/n/10 Jhon 
 []


Overfull \hbox (31.46512pt too wide) in paragraph at lines 19--19
 \OT1/cmr/bx/n/10 Stiven 
 []


Overfull \hbox (15.33325pt too wide) in paragraph at lines 19--19
 \OT1/cmr/bx/n/10 Ci- 
 []


Overfull \hbox (35.52203pt too wide) in paragraph at lines 19--19
 \OT1/cmr/bx/n/10 fuentes 
 []


Overfull \hbox (34.18175pt too wide) in paragraph at lines 19--19
 \OT1/cmr/bx/n/10 Gomes 
 []


Overfull \hbox (29.74287pt too wide) in paragraph at lines 21--21
 []\OT1/cmr/bx/n/10 David 
 []


Overfull \hbox (15.43047pt too wide) in paragraph at lines 21--21
 \OT1/cmr/bx/n/10 Gil 
 []


Overfull \hbox (20.60403pt too wide) in paragraph at lines 21--21
 \OT1/cmr/bx/n/10 Rua 
 []

Missing character: There is no E in font nullfont!
Missing character: There is no q in font nullfont!
Missing character: There is no u in font nullfont!
Missing character: There is no i in font nullfont!
Missing character: There is no p in font nullfont!
Missing character: There is no o in font nullfont!
Missing character: There is no D in font nullfont!
Missing character: There is no o in font nullfont!
Missing character: There is no c in font nullfont!
Missing character: There is no e in font nullfont!
Missing character: There is no n in font nullfont!
Missing character: There is no t in font nullfont!
Missing character: There is no e in font nullfont!

Overfull \hbox (32.1123pt too wide) in paragraph at lines 31--32
 []\OT1/cmr/bx/n/10 Carlos 
 []


Overfull \hbox (30.18733pt too wide) in paragraph at lines 31--32
 \OT1/cmr/bx/n/10 Mario 
 []


Overfull \hbox (34.97203pt too wide) in paragraph at lines 31--32
 \OT1/cmr/bx/n/10 Lopera 
 []

Missing character: There is no A in font nullfont!
Missing character: There is no s in font nullfont!
Missing character: There is no i in font nullfont!
Missing character: There is no g in font nullfont!
Missing character: There is no n in font nullfont!
Missing character: There is no a in font nullfont!
Missing character: There is no t in font nullfont!
Missing character: There is no u in font nullfont!
Missing character: There is no r in font nullfont!
Missing character: There is no a in font nullfont!

Overfull \hbox (54.6413pt too wide) in paragraph at lines 41--42
 []\OT1/cmr/bx/n/10 Estad^^S^^Pstica 
 []


Overfull \hbox (9.04161pt too wide) in paragraph at lines 41--42
 \OT1/cmr/bx/n/10 II 
 []

! Undefined control sequence.
l.47        \includegraphics
                            [width=0.4\textwidth]{logounal.png}
The control sequence at the end of the top line
of your error message was never \def'ed. If you have
misspelled it (e.g., `\hobx'), type `I' and the correct
spelling (e.g., `I\hbox'). Otherwise just continue,
and I'll forget about whatever was undefined.

Missing character: There is no [ in font nullfont!
Missing character: There is no w in font nullfont!
Missing character: There is no i in font nullfont!
Missing character: There is no d in font nullfont!
Missing character: There is no t in font nullfont!
Missing character: There is no h in font nullfont!
Missing character: There is no = in font nullfont!
Missing character: There is no 0 in font nullfont!
Missing character: There is no . in font nullfont!
Missing character: There is no 4 in font nullfont!
! Missing number, treated as zero.
<to be read again> 
                   ]
l.47        \includegraphics[width=0.4\textwidth]
                                                 {logounal.png}
A number should have been here; I inserted `0'.
(If you can't figure out why I needed to see a number,
look up `weird error' in the index to The TeXbook.)

! Illegal unit of measure (pt inserted).
<to be read again> 
                   ]
l.47        \includegraphics[width=0.4\textwidth]
                                                 {logounal.png}
Dimensions can be in units of em, ex, in, pt, pc,
cm, mm, dd, cc, nd, nc, bp, or sp; but yours is a new one!
I'll assume that you meant to say pt, for printer's points.
To recover gracefully from this error, it's best to
delete the erroneous units; e.g., type `2' to delete
two letters. (See Chapter 27 of The TeXbook.)

Missing character: There is no ] in font nullfont!
Missing character: There is no l in font nullfont!
Missing character: There is no o in font nullfont!
Missing character: There is no g in font nullfont!
Missing character: There is no o in font nullfont!
Missing character: There is no u in font nullfont!
Missing character: There is no n in font nullfont!
Missing character: There is no a in font nullfont!
Missing character: There is no l in font nullfont!
Missing character: There is no . in font nullfont!
Missing character: There is no p in font nullfont!
Missing character: There is no n in font nullfont!
Missing character: There is no g in font nullfont!
Missing character: There is no S in font nullfont!
Missing character: There is no e in font nullfont!
Missing character: There is no d in font nullfont!
Missing character: There is no e in font nullfont!
Missing character: There is no M in font nullfont!
Missing character: There is no e in font nullfont!
Missing character: There is no d in font nullfont!
Missing character: There is no e in font nullfont!
Missing character: There is no l in font nullfont!
Missing character: There is no l in font nullfont!
LaTeX Font Info:    Trying to load font information for +cmr on input line 49.
LaTeX Font Info:    No file cmr.fd. on input line 49.

LaTeX Font Warning: Font shape `/cmr/m/n' undefined
(Font)              using `/cmr/m/n' instead on input line 49.

! Corrupted NFSS tables.
wrong@fontshape ...message {Corrupted NFSS tables}
                                                  error@fontshape else let f...
l.49        Sede Medellí
                         n\\
This error message was generated by an \errmessage
command, so I can't give any explicit help.
Pretend that you're Hercule Poirot: Examine all clues,
and deduce the truth by order and method.


LaTeX Font Warning: Font shape `/cmr/m/n' undefined
(Font)              using `OT1/cmr/m/n' instead on input line 49.

Missing character: There is no n in font nullfont!

Overfull \hbox (7.7778pt too wide) in paragraph at lines 49--49
 \/cmr/m/n/10 ^^S^^P 
 []

Missing character: There is no 5 in font nullfont!
Missing character: There is no d in font nullfont!
Missing character: There is no e in font nullfont!
Missing character: There is no o in font nullfont!
Missing character: There is no c in font nullfont!
Missing character: There is no t in font nullfont!
Missing character: There is no u in font nullfont!
Missing character: There is no b in font nullfont!
Missing character: There is no r in font nullfont!
Missing character: There is no e in font nullfont!
Missing character: There is no d in font nullfont!
Missing character: There is no e in font nullfont!
Missing character: There is no 2 in font nullfont!
Missing character: There is no 0 in font nullfont!
Missing character: There is no 2 in font nullfont!
Missing character: There is no 3 in font nullfont!

! LaTeX Error: \begin{document} ended by \end{titlepage}.

See the LaTeX manual or LaTeX Companion for explanation.
Type  H <return>  for immediate help.
 ...                                              
                                                  
l.54 \end{titlepage}
                    
Your command was ignored.
Type  I <command> <return>  to replace it with another command,
or  <return>  to continue without it.

)
! Emergency stop.
<*> titlepage.tex
                 
*** (job aborted, no legal \end found)

 
Here is how much of TeX's memory you used:
 35 strings out of 476888
 636 string characters out of 5807281
 1918785 words of memory out of 5000000
 21429 multiletter control sequences out of 15000+600000
 558377 words of font info for 37 fonts, out of 8000000 for 9000
 14 hyphenation exceptions out of 8191
 23i,1n,32p,107b,158s stack positions out of 10000i,1000n,20000p,200000b,200000s
!  ==> Fatal error occurred, no output PDF file produced!
